2025-07-09 01:27:43,949 - __main__ - INFO - Population Data Analysis Pipeline initialized
2025-07-09 01:27:43,949 - __main__ - INFO - Starting data collection phase...
2025-07-09 01:27:43,949 - __main__ - INFO - Executing: Countries metadata
2025-07-09 01:27:43,949 - data_fetcher - INFO - Fetching all countries metadata...
2025-07-09 01:27:44,155 - data_fetcher - INFO - Successfully fetched: country
2025-07-09 01:27:44,160 - data_fetcher - INFO - Saved 296 countries to data/countries_metadata.json
2025-07-09 01:27:44,160 - __main__ - INFO -   Countries metadata: ✓ (0.21s)
2025-07-09 01:27:44,160 - __main__ - INFO - Executing: Current population
2025-07-09 01:27:44,160 - data_fetcher - INFO - Fetching current population data...
2025-07-09 01:27:44,424 - data_fetcher - INFO - Successfully fetched: country/all/indicator/SP.POP.TOTL
2025-07-09 01:27:44,426 - data_fetcher - INFO - Saved current population data for 266 entries
2025-07-09 01:27:44,426 - __main__ - INFO -   Current population: ✓ (0.27s)
2025-07-09 01:27:44,426 - __main__ - INFO - Executing: Population timeseries
2025-07-09 01:27:44,426 - data_fetcher - INFO - Fetching population timeseries (1960-2023)...
2025-07-09 01:27:44,850 - data_fetcher - INFO - Successfully fetched: country/all/indicator/SP.POP.TOTL
2025-07-09 01:27:44,850 - data_fetcher - INFO - Fetched page 1 of 57
2025-07-09 01:27:45,279 - data_fetcher - INFO - Successfully fetched: country/all/indicator/SP.POP.TOTL
2025-07-09 01:27:45,280 - data_fetcher - INFO - Fetched page 2 of 57
2025-07-09 01:27:45,760 - data_fetcher - INFO - Successfully fetched: country/all/indicator/SP.POP.TOTL
2025-07-09 01:27:45,760 - data_fetcher - INFO - Fetched page 3 of 57
2025-07-09 01:27:46,288 - data_fetcher - INFO - Successfully fetched: country/all/indicator/SP.POP.TOTL
2025-07-09 01:27:46,288 - data_fetcher - INFO - Fetched page 4 of 57
2025-07-09 01:27:47,228 - data_fetcher - INFO - Successfully fetched: country/all/indicator/SP.POP.TOTL
2025-07-09 01:27:47,228 - data_fetcher - INFO - Fetched page 5 of 57
2025-07-09 01:27:47,656 - data_fetcher - INFO - Successfully fetched: country/all/indicator/SP.POP.TOTL
2025-07-09 01:27:47,656 - data_fetcher - INFO - Fetched page 6 of 57
2025-07-09 01:27:48,040 - data_fetcher - INFO - Successfully fetched: country/all/indicator/SP.POP.TOTL
2025-07-09 01:27:48,040 - data_fetcher - INFO - Fetched page 7 of 57
2025-07-09 01:27:48,452 - data_fetcher - INFO - Successfully fetched: country/all/indicator/SP.POP.TOTL
2025-07-09 01:27:48,452 - data_fetcher - INFO - Fetched page 8 of 57
2025-07-09 01:27:48,951 - data_fetcher - INFO - Successfully fetched: country/all/indicator/SP.POP.TOTL
2025-07-09 01:27:48,951 - data_fetcher - INFO - Fetched page 9 of 57
2025-07-09 01:27:49,369 - data_fetcher - INFO - Successfully fetched: country/all/indicator/SP.POP.TOTL
2025-07-09 01:27:49,370 - data_fetcher - INFO - Fetched page 10 of 57
2025-07-09 01:27:49,823 - data_fetcher - INFO - Successfully fetched: country/all/indicator/SP.POP.TOTL
2025-07-09 01:27:49,823 - data_fetcher - INFO - Fetched page 11 of 57
2025-07-09 01:27:50,260 - data_fetcher - INFO - Successfully fetched: country/all/indicator/SP.POP.TOTL
2025-07-09 01:27:50,260 - data_fetcher - INFO - Fetched page 12 of 57
2025-07-09 01:27:51,217 - data_fetcher - INFO - Successfully fetched: country/all/indicator/SP.POP.TOTL
2025-07-09 01:27:51,217 - data_fetcher - INFO - Fetched page 13 of 57
2025-07-09 01:27:51,649 - data_fetcher - INFO - Successfully fetched: country/all/indicator/SP.POP.TOTL
2025-07-09 01:27:51,650 - data_fetcher - INFO - Fetched page 14 of 57
2025-07-09 01:27:52,040 - data_fetcher - INFO - Successfully fetched: country/all/indicator/SP.POP.TOTL
2025-07-09 01:27:52,041 - data_fetcher - INFO - Fetched page 15 of 57
2025-07-09 01:27:52,480 - data_fetcher - INFO - Successfully fetched: country/all/indicator/SP.POP.TOTL
2025-07-09 01:27:52,480 - data_fetcher - INFO - Fetched page 16 of 57
2025-07-09 01:27:52,870 - data_fetcher - INFO - Successfully fetched: country/all/indicator/SP.POP.TOTL
2025-07-09 01:27:52,871 - data_fetcher - INFO - Fetched page 17 of 57
2025-07-09 01:27:53,270 - data_fetcher - INFO - Successfully fetched: country/all/indicator/SP.POP.TOTL
2025-07-09 01:27:53,270 - data_fetcher - INFO - Fetched page 18 of 57
2025-07-09 01:27:53,710 - data_fetcher - INFO - Successfully fetched: country/all/indicator/SP.POP.TOTL
2025-07-09 01:27:53,711 - data_fetcher - INFO - Fetched page 19 of 57
2025-07-09 01:27:54,130 - data_fetcher - INFO - Successfully fetched: country/all/indicator/SP.POP.TOTL
2025-07-09 01:27:54,131 - data_fetcher - INFO - Fetched page 20 of 57
2025-07-09 01:27:54,598 - data_fetcher - INFO - Successfully fetched: country/all/indicator/SP.POP.TOTL
2025-07-09 01:27:54,598 - data_fetcher - INFO - Fetched page 21 of 57
2025-07-09 01:27:55,109 - data_fetcher - INFO - Successfully fetched: country/all/indicator/SP.POP.TOTL
2025-07-09 01:27:55,109 - data_fetcher - INFO - Fetched page 22 of 57
2025-07-09 01:27:55,530 - data_fetcher - INFO - Successfully fetched: country/all/indicator/SP.POP.TOTL
2025-07-09 01:27:55,530 - data_fetcher - INFO - Fetched page 23 of 57
2025-07-09 01:27:56,034 - data_fetcher - INFO - Successfully fetched: country/all/indicator/SP.POP.TOTL
2025-07-09 01:27:56,034 - data_fetcher - INFO - Fetched page 24 of 57
2025-07-09 01:27:56,479 - data_fetcher - INFO - Successfully fetched: country/all/indicator/SP.POP.TOTL
2025-07-09 01:27:56,479 - data_fetcher - INFO - Fetched page 25 of 57
2025-07-09 01:27:56,854 - data_fetcher - INFO - Successfully fetched: country/all/indicator/SP.POP.TOTL
2025-07-09 01:27:56,854 - data_fetcher - INFO - Fetched page 26 of 57
2025-07-09 01:27:57,267 - data_fetcher - INFO - Successfully fetched: country/all/indicator/SP.POP.TOTL
2025-07-09 01:27:57,267 - data_fetcher - INFO - Fetched page 27 of 57
2025-07-09 01:27:57,684 - data_fetcher - INFO - Successfully fetched: country/all/indicator/SP.POP.TOTL
2025-07-09 01:27:57,685 - data_fetcher - INFO - Fetched page 28 of 57
2025-07-09 01:27:58,287 - data_fetcher - INFO - Successfully fetched: country/all/indicator/SP.POP.TOTL
2025-07-09 01:27:58,288 - data_fetcher - INFO - Fetched page 29 of 57
2025-07-09 01:27:58,744 - data_fetcher - INFO - Successfully fetched: country/all/indicator/SP.POP.TOTL
2025-07-09 01:27:58,744 - data_fetcher - INFO - Fetched page 30 of 57
2025-07-09 01:27:59,208 - data_fetcher - INFO - Successfully fetched: country/all/indicator/SP.POP.TOTL
2025-07-09 01:27:59,208 - data_fetcher - INFO - Fetched page 31 of 57
2025-07-09 01:27:59,590 - data_fetcher - INFO - Successfully fetched: country/all/indicator/SP.POP.TOTL
2025-07-09 01:27:59,590 - data_fetcher - INFO - Fetched page 32 of 57
2025-07-09 01:28:00,799 - data_fetcher - INFO - Successfully fetched: country/all/indicator/SP.POP.TOTL
2025-07-09 01:28:00,799 - data_fetcher - INFO - Fetched page 33 of 57
2025-07-09 01:28:01,254 - data_fetcher - INFO - Successfully fetched: country/all/indicator/SP.POP.TOTL
2025-07-09 01:28:01,254 - data_fetcher - INFO - Fetched page 34 of 57
2025-07-09 01:28:01,775 - data_fetcher - INFO - Successfully fetched: country/all/indicator/SP.POP.TOTL
2025-07-09 01:28:01,775 - data_fetcher - INFO - Fetched page 35 of 57
2025-07-09 01:28:02,180 - data_fetcher - INFO - Successfully fetched: country/all/indicator/SP.POP.TOTL
2025-07-09 01:28:02,181 - data_fetcher - INFO - Fetched page 36 of 57
2025-07-09 01:28:02,637 - data_fetcher - INFO - Successfully fetched: country/all/indicator/SP.POP.TOTL
2025-07-09 01:28:02,637 - data_fetcher - INFO - Fetched page 37 of 57
2025-07-09 01:28:03,097 - data_fetcher - INFO - Successfully fetched: country/all/indicator/SP.POP.TOTL
2025-07-09 01:28:03,098 - data_fetcher - INFO - Fetched page 38 of 57
2025-07-09 01:28:03,502 - data_fetcher - INFO - Successfully fetched: country/all/indicator/SP.POP.TOTL
2025-07-09 01:28:03,502 - data_fetcher - INFO - Fetched page 39 of 57
2025-07-09 01:28:03,917 - data_fetcher - INFO - Successfully fetched: country/all/indicator/SP.POP.TOTL
2025-07-09 01:28:03,917 - data_fetcher - INFO - Fetched page 40 of 57
2025-07-09 01:28:04,441 - data_fetcher - INFO - Successfully fetched: country/all/indicator/SP.POP.TOTL
2025-07-09 01:28:04,441 - data_fetcher - INFO - Fetched page 41 of 57
2025-07-09 01:28:04,852 - data_fetcher - INFO - Successfully fetched: country/all/indicator/SP.POP.TOTL
2025-07-09 01:28:04,852 - data_fetcher - INFO - Fetched page 42 of 57
2025-07-09 01:28:05,276 - data_fetcher - INFO - Successfully fetched: country/all/indicator/SP.POP.TOTL
2025-07-09 01:28:05,276 - data_fetcher - INFO - Fetched page 43 of 57
2025-07-09 01:28:05,726 - data_fetcher - INFO - Successfully fetched: country/all/indicator/SP.POP.TOTL
2025-07-09 01:28:05,727 - data_fetcher - INFO - Fetched page 44 of 57
2025-07-09 01:28:06,118 - data_fetcher - INFO - Successfully fetched: country/all/indicator/SP.POP.TOTL
2025-07-09 01:28:06,118 - data_fetcher - INFO - Fetched page 45 of 57
2025-07-09 01:28:06,559 - data_fetcher - INFO - Successfully fetched: country/all/indicator/SP.POP.TOTL
2025-07-09 01:28:06,559 - data_fetcher - INFO - Fetched page 46 of 57
2025-07-09 01:28:07,022 - data_fetcher - INFO - Successfully fetched: country/all/indicator/SP.POP.TOTL
2025-07-09 01:28:07,022 - data_fetcher - INFO - Fetched page 47 of 57
2025-07-09 01:28:07,496 - data_fetcher - INFO - Successfully fetched: country/all/indicator/SP.POP.TOTL
2025-07-09 01:28:07,497 - data_fetcher - INFO - Fetched page 48 of 57
2025-07-09 01:28:07,929 - data_fetcher - INFO - Successfully fetched: country/all/indicator/SP.POP.TOTL
2025-07-09 01:28:07,929 - data_fetcher - INFO - Fetched page 49 of 57
2025-07-09 01:28:08,380 - data_fetcher - INFO - Successfully fetched: country/all/indicator/SP.POP.TOTL
2025-07-09 01:28:08,381 - data_fetcher - INFO - Fetched page 50 of 57
2025-07-09 01:28:08,976 - data_fetcher - INFO - Successfully fetched: country/all/indicator/SP.POP.TOTL
2025-07-09 01:28:08,976 - data_fetcher - INFO - Fetched page 51 of 57
2025-07-09 01:28:09,374 - data_fetcher - INFO - Successfully fetched: country/all/indicator/SP.POP.TOTL
2025-07-09 01:28:09,374 - data_fetcher - INFO - Fetched page 52 of 57
2025-07-09 01:28:09,821 - data_fetcher - INFO - Successfully fetched: country/all/indicator/SP.POP.TOTL
2025-07-09 01:28:09,821 - data_fetcher - INFO - Fetched page 53 of 57
2025-07-09 01:28:10,252 - data_fetcher - INFO - Successfully fetched: country/all/indicator/SP.POP.TOTL
2025-07-09 01:28:10,253 - data_fetcher - INFO - Fetched page 54 of 57
2025-07-09 01:28:10,846 - data_fetcher - INFO - Successfully fetched: country/all/indicator/SP.POP.TOTL
2025-07-09 01:28:10,846 - data_fetcher - INFO - Fetched page 55 of 57
2025-07-09 01:28:11,246 - data_fetcher - INFO - Successfully fetched: country/all/indicator/SP.POP.TOTL
2025-07-09 01:28:11,246 - data_fetcher - INFO - Fetched page 56 of 57
2025-07-09 01:28:11,637 - data_fetcher - INFO - Successfully fetched: country/all/indicator/SP.POP.TOTL
2025-07-09 01:28:11,637 - data_fetcher - INFO - Fetched page 57 of 57
2025-07-09 01:28:11,855 - data_fetcher - INFO - Saved 17024 population timeseries records
2025-07-09 01:28:11,858 - __main__ - INFO -   Population timeseries: ✓ (27.43s)
2025-07-09 01:28:11,858 - __main__ - INFO - Executing: Regional population
2025-07-09 01:28:11,858 - data_fetcher - INFO - Fetching regional population data...
2025-07-09 01:28:12,193 - data_fetcher - INFO - Successfully fetched: country/EAS/indicator/SP.POP.TOTL
2025-07-09 01:28:12,468 - data_fetcher - INFO - Successfully fetched: country/ECS/indicator/SP.POP.TOTL
2025-07-09 01:28:12,711 - data_fetcher - INFO - Successfully fetched: country/LCN/indicator/SP.POP.TOTL
2025-07-09 01:28:12,966 - data_fetcher - INFO - Successfully fetched: country/MEA/indicator/SP.POP.TOTL
2025-07-09 01:28:13,229 - data_fetcher - INFO - Successfully fetched: country/NAC/indicator/SP.POP.TOTL
2025-07-09 01:28:13,548 - data_fetcher - INFO - Successfully fetched: country/SAS/indicator/SP.POP.TOTL
2025-07-09 01:28:13,791 - data_fetcher - INFO - Successfully fetched: country/SSF/indicator/SP.POP.TOTL
2025-07-09 01:28:14,203 - data_fetcher - INFO - Successfully fetched: country/WLD/indicator/SP.POP.TOTL
2025-07-09 01:28:14,208 - data_fetcher - INFO - Saved 512 regional population records
2025-07-09 01:28:14,208 - __main__ - INFO -   Regional population: ✓ (2.35s)
2025-07-09 01:28:14,208 - __main__ - INFO - Executing: Related indicators
2025-07-09 01:28:14,208 - data_fetcher - INFO - Fetching related indicators...
2025-07-09 01:28:14,208 - data_fetcher - INFO - Fetching SP.POP.GROW...
2025-07-09 01:28:14,549 - data_fetcher - INFO - Successfully fetched: country/CHN;IND;USA;IDN;PAK;BRA;NGA;BGD;RUS;MEX;JPN;ETH;PHL;EGY;VNM;TUR;IRN;DEU;THA;GBR/indicator/SP.POP.GROW
2025-07-09 01:28:14,555 - data_fetcher - INFO - Saved 300 records for SP.POP.GROW
2025-07-09 01:28:15,060 - data_fetcher - INFO - Fetching SP.URB.TOTL...
2025-07-09 01:28:15,346 - data_fetcher - INFO - Successfully fetched: country/CHN;IND;USA;IDN;PAK;BRA;NGA;BGD;RUS;MEX;JPN;ETH;PHL;EGY;VNM;TUR;IRN;DEU;THA;GBR/indicator/SP.URB.TOTL
2025-07-09 01:28:15,350 - data_fetcher - INFO - Saved 300 records for SP.URB.TOTL
2025-07-09 01:28:15,851 - data_fetcher - INFO - Fetching SP.RUR.TOTL...
2025-07-09 01:28:16,736 - data_fetcher - INFO - Successfully fetched: country/CHN;IND;USA;IDN;PAK;BRA;NGA;BGD;RUS;MEX;JPN;ETH;PHL;EGY;VNM;TUR;IRN;DEU;THA;GBR/indicator/SP.RUR.TOTL
2025-07-09 01:28:16,739 - data_fetcher - INFO - Saved 300 records for SP.RUR.TOTL
2025-07-09 01:28:17,244 - data_fetcher - INFO - Fetching SP.POP.DPND...
2025-07-09 01:28:18,665 - data_fetcher - INFO - Successfully fetched: country/CHN;IND;USA;IDN;PAK;BRA;NGA;BGD;RUS;MEX;JPN;ETH;PHL;EGY;VNM;TUR;IRN;DEU;THA;GBR/indicator/SP.POP.DPND
2025-07-09 01:28:18,678 - data_fetcher - INFO - Saved 300 records for SP.POP.DPND
2025-07-09 01:28:19,179 - data_fetcher - INFO - Fetching EN.POP.DNST...
2025-07-09 01:28:19,691 - data_fetcher - INFO - Successfully fetched: country/CHN;IND;USA;IDN;PAK;BRA;NGA;BGD;RUS;MEX;JPN;ETH;PHL;EGY;VNM;TUR;IRN;DEU;THA;GBR/indicator/EN.POP.DNST
2025-07-09 01:28:19,695 - data_fetcher - INFO - Saved 300 records for EN.POP.DNST
2025-07-09 01:28:20,195 - __main__ - INFO -   Related indicators: ✓ (5.99s)
2025-07-09 01:28:20,196 - __main__ - INFO - Executing: Data availability matrix
2025-07-09 01:28:20,196 - data_fetcher - INFO - Creating data availability matrix...
2025-07-09 01:28:20,255 - data_fetcher - INFO - Created availability matrix for 262 countries
2025-07-09 01:28:20,257 - __main__ - INFO -   Data availability matrix: ✓ (0.06s)
2025-07-09 01:28:20,257 - __main__ - INFO - ✓ Data Collection completed in 36.31s
2025-07-09 01:28:20,257 - __main__ - INFO - Data collection: 6/6 tasks successful
2025-07-09 01:28:49,440 - __main__ - INFO - Population Data Analysis Pipeline initialized
2025-07-09 01:28:49,440 - __main__ - INFO - Starting data analysis phase...
2025-07-09 01:28:49,440 - data_analyzer - INFO - Loading data files...
2025-07-09 01:28:49,584 - data_analyzer - INFO - Loaded 16930 population records
2025-07-09 01:28:49,584 - data_analyzer - INFO - Loaded 512 regional records
2025-07-09 01:28:49,597 - __main__ - INFO - Executing: Basic Statistics
2025-07-09 01:28:49,598 - data_analyzer - INFO - Calculating basic statistics...
2025-07-09 01:28:49,615 - __main__ - INFO -   Basic Statistics: ✓ (0.02s)
2025-07-09 01:28:49,615 - __main__ - INFO - Executing: Growth Patterns
2025-07-09 01:28:49,615 - data_analyzer - INFO - Analyzing growth patterns...
2025-07-09 01:28:50,103 - __main__ - INFO -   Growth Patterns: ✓ (0.49s)
2025-07-09 01:28:50,103 - __main__ - INFO - Executing: Regional Analysis
2025-07-09 01:28:50,103 - data_analyzer - INFO - Analyzing regional patterns...
2025-07-09 01:28:50,113 - __main__ - INFO -   Regional Analysis: ✓ (0.01s)
2025-07-09 01:28:50,113 - __main__ - INFO - Executing: Ranking Analysis
2025-07-09 01:28:50,113 - data_analyzer - INFO - Analyzing country rankings...
2025-07-09 01:28:50,175 - __main__ - INFO -   Ranking Analysis: ✓ (0.06s)
2025-07-09 01:28:50,175 - __main__ - INFO - Executing: Statistical Tests
2025-07-09 01:28:50,175 - data_analyzer - INFO - Performing statistical tests...
2025-07-09 01:28:50,481 - __main__ - INFO -   Statistical Tests: ✓ (0.31s)
2025-07-09 01:28:50,481 - __main__ - INFO - Executing: Summary Report
2025-07-09 01:28:50,481 - data_analyzer - INFO - Generating summary report...
2025-07-09 01:28:50,483 - __main__ - INFO -   Summary Report: ✓ (0.00s)
2025-07-09 01:28:50,483 - __main__ - INFO - ✓ Data Analysis completed in 1.04s
2025-07-09 01:28:50,483 - __main__ - INFO - Data analysis: 6/6 tasks successful
2025-07-09 01:29:01,644 - __main__ - INFO - Population Data Analysis Pipeline initialized
2025-07-09 01:29:01,644 - __main__ - INFO - Starting report generation phase...
2025-07-09 01:29:01,649 - report_generator - INFO - Loaded analysis and quality results for reporting
2025-07-09 01:29:01,649 - report_generator - INFO - Generating comprehensive analysis report...
2025-07-09 01:29:01,649 - __main__ - INFO - ✗ Report Generation completed in 0.01s
2025-07-09 01:29:01,649 - __main__ - ERROR - Error in Report Generation: Cannot specify ',' with 's'.
